2023-04-20 08:26:19.161  INFO 5470 --- [           main] c.alibaba.nacos.client.utils.ParamUtil   : [settings] [req-serv] nacos-server port:8848
2023-04-20 08:26:19.165  INFO 5470 --- [           main] c.alibaba.nacos.client.utils.ParamUtil   : [settings] [http-client] connect timeout:1000
2023-04-20 08:26:19.166  INFO 5470 --- [           main] c.alibaba.nacos.client.utils.ParamUtil   : NACOS_CLIENT_VERSION: ${project.version}
2023-04-20 08:26:19.166  INFO 5470 --- [           main] c.alibaba.nacos.client.utils.ParamUtil   : PER_TASK_CONFIG_SIZE: 3000.0
2023-04-20 08:26:19.227  INFO 5470 --- [           main] c.a.n.client.identify.CredentialWatcher  : null No credential found

  .   ____          _            __ _ _
 /\\ / ___'_ __ _ _(_)_ __  __ _ \ \ \ \
( ( )\___ | '_ | '_| | '_ \/ _` | \ \ \ \
 \\/  ___)| |_)| | | | | || (_| |  ) ) ) )
  '  |____| .__|_| |_|_| |_\__, | / / / /
 =========|_|==============|___/=/_/_/_/
 :: Spring Boot ::        (v2.2.8.RELEASE)

2023-04-20 08:26:19.365  INFO 5470 --- [           main] c.a.n.c.c.impl.LocalConfigInfoProcessor  : LOCAL_SNAPSHOT_PATH:/root/nacos/config
2023-04-20 08:26:19.464  INFO 5470 --- [           main] c.a.nacos.client.config.impl.Limiter     : limitTime:5.0
2023-04-20 08:26:19.631  WARN 5470 --- [           main] c.a.c.n.c.NacosPropertySourceBuilder     : Ignore the empty nacos configuration and get it based on dataId[easyblog] & group[DEFAULT_GROUP]
2023-04-20 08:26:19.700  WARN 5470 --- [           main] c.a.c.n.c.NacosPropertySourceBuilder     : Ignore the empty nacos configuration and get it based on dataId[easyblog.yml] & group[DEFAULT_GROUP]
2023-04-20 08:26:19.771  INFO 5470 --- [           main] c.a.nacos.client.config.utils.JVMUtil    : isMultiInstance:false
2023-04-20 08:26:19.850  INFO 5470 --- [           main] b.c.PropertySourceBootstrapConfiguration : Located property source: [BootstrapPropertySource {name='bootstrapProperties-easyblog-dev.yml,DEFAULT_GROUP'}, BootstrapPropertySource {name='bootstrapProperties-easyblog.yml,DEFAULT_GROUP'}, BootstrapPropertySource {name='bootstrapProperties-easyblog,DEFAULT_GROUP'}]
2023-04-20 08:26:19.856  INFO 5470 --- [           main] top.easyblog.Application                 : The following profiles are active: dev
2023-04-20 08:26:21.642  INFO 5470 --- [           main] o.s.cloud.context.scope.GenericScope     : BeanFactory id=d94b7b59-a85a-322c-a91c-e030cacca36d
2023-04-20 08:26:23.475  INFO 5470 --- [           main] o.s.b.w.embedded.tomcat.TomcatWebServer  : Tomcat initialized with port(s): 8001 (http)
2023-04-20 08:26:23.487  INFO 5470 --- [           main] o.apache.catalina.core.StandardService   : Starting service [Tomcat]
2023-04-20 08:26:23.488  INFO 5470 --- [           main] org.apache.catalina.core.StandardEngine  : Starting Servlet engine: [Apache Tomcat/9.0.36]
2023-04-20 08:26:23.840  INFO 5470 --- [           main] o.a.c.c.C.[Tomcat].[localhost].[/]       : Initializing Spring embedded WebApplicationContext
2023-04-20 08:26:23.841  INFO 5470 --- [           main] w.s.c.ServletWebServerApplicationContext : Root WebApplicationContext: initialization completed in 3912 ms
2023-04-20 08:26:26.437  INFO 5470 --- [           main] o.s.b.w.embedded.tomcat.TomcatWebServer  : Tomcat started on port(s): 8001 (http) with context path ''
2023-04-20 08:26:26.440  INFO 5470 --- [           main] top.easyblog.Application                 : Started Application in 9.096 seconds (JVM running for 9.93)
2023-04-20 08:26:26.444  INFO 5470 --- [           main] c.a.n.client.config.impl.ClientWorker    : [fixed-117.50.189.250_8090] [subscribe] easyblog.yml+DEFAULT_GROUP
2023-04-20 08:26:26.446  INFO 5470 --- [           main] c.a.nacos.client.config.impl.CacheData   : [fixed-117.50.189.250_8090] [add-listener] ok, tenant=, dataId=easyblog.yml, group=DEFAULT_GROUP, cnt=1
2023-04-20 08:26:26.446  INFO 5470 --- [           main] c.a.n.client.config.impl.ClientWorker    : [fixed-117.50.189.250_8090] [subscribe] easyblog+DEFAULT_GROUP
2023-04-20 08:26:26.446  INFO 5470 --- [           main] c.a.nacos.client.config.impl.CacheData   : [fixed-117.50.189.250_8090] [add-listener] ok, tenant=, dataId=easyblog, group=DEFAULT_GROUP, cnt=1
2023-04-20 08:26:26.447  INFO 5470 --- [           main] c.a.n.client.config.impl.ClientWorker    : [fixed-117.50.189.250_8090] [subscribe] easyblog-dev.yml+DEFAULT_GROUP
2023-04-20 08:26:26.447  INFO 5470 --- [           main] c.a.nacos.client.config.impl.CacheData   : [fixed-117.50.189.250_8090] [add-listener] ok, tenant=, dataId=easyblog-dev.yml, group=DEFAULT_GROUP, cnt=1
2023-04-20 08:26:36.249  INFO 5470 --- [nio-8001-exec-1] o.a.c.c.C.[Tomcat].[localhost].[/]       : Initializing Spring DispatcherServlet 'dispatcherServlet'
2023-04-20 08:26:36.249  INFO 5470 --- [nio-8001-exec-1] o.s.web.servlet.DispatcherServlet        : Initializing Servlet 'dispatcherServlet'
2023-04-20 08:26:36.258  INFO 5470 --- [nio-8001-exec-1] o.s.web.servlet.DispatcherServlet        : Completed initialization in 8 ms
2023-04-20 08:26:36.340  WARN 5470 --- [nio-8001-exec-1] o.s.web.servlet.PageNotFound             : No mapping for GET /
2023-04-20 08:26:36.353  INFO 5470 --- [nio-8001-exec-1] t.e.w.interceptor.RequestLogInterceptor  : GET http://789508b2-8001-app.lightly.teamcode.com/error?port=8001&dcsId=789508b2&token=vaOCvB1KSYmaDNud4fMZqA
BusinessException(code=fail)
	at top.easyblog.web.config.WebAppConfigurer.lambda$errorViewResolver$0(WebAppConfigurer.java:60)
	at org.springframework.boot.autoconfigure.web.servlet.error.AbstractErrorController.resolveErrorView(AbstractErrorController.java:109)
	at org.springframework.boot.autoconfigure.web.servlet.error.BasicErrorController.errorHtml(BasicErrorController.java:93)
	at sun.reflect.NativeMethodAccessorImpl.invoke0(Native Method)
	at sun.reflect.NativeMethodAccessorImpl.invoke(NativeMethodAccessorImpl.java:62)
	at sun.reflect.DelegatingMethodAccessorImpl.invoke(DelegatingMethodAccessorImpl.java:43)
	at java.lang.reflect.Method.invoke(Method.java:498)
	at org.springframework.web.method.support.InvocableHandlerMethod.doInvoke(InvocableHandlerMethod.java:190)
	at org.springframework.web.method.support.InvocableHandlerMethod.invokeForRequest(InvocableHandlerMethod.java:138)
	at org.springframework.web.servlet.mvc.method.annotation.ServletInvocableHandlerMethod.invokeAndHandle(ServletInvocableHandlerMethod.java:105)
	at org.springframework.web.servlet.mvc.method.annotation.RequestMappingHandlerAdapter.invokeHandlerMethod(RequestMappingHandlerAdapter.java:879)
	at org.springframework.web.servlet.mvc.method.annotation.RequestMappingHandlerAdapter.handleInternal(RequestMappingHandlerAdapter.java:793)
	at org.springframework.web.servlet.mvc.method.AbstractHandlerMethodAdapter.handle(AbstractHandlerMethodAdapter.java:87)
	at org.springframework.web.servlet.DispatcherServlet.doDispatch(DispatcherServlet.java:1040)
	at org.springframework.web.servlet.DispatcherServlet.doService(DispatcherServlet.java:943)
	at org.springframework.web.servlet.FrameworkServlet.processRequest(FrameworkServlet.java:1006)
	at org.springframework.web.servlet.FrameworkServlet.doGet(FrameworkServlet.java:898)
	at javax.servlet.http.HttpServlet.service(HttpServlet.java:645)
	at org.springframework.web.servlet.FrameworkServlet.service(FrameworkServlet.java:883)
	at javax.servlet.http.HttpServlet.service(HttpServlet.java:750)
	at org.apache.catalina.core.ApplicationFilterChain.internalDoFilter(ApplicationFilterChain.java:231)
	at org.apache.catalina.core.ApplicationFilterChain.doFilter(ApplicationFilterChain.java:166)
	at org.apache.catalina.core.ApplicationDispatcher.invoke(ApplicationDispatcher.java:712)
	at org.apache.catalina.core.ApplicationDispatcher.processRequest(ApplicationDispatcher.java:461)
	at org.apache.catalina.core.ApplicationDispatcher.doForward(ApplicationDispatcher.java:384)
	at org.apache.catalina.core.ApplicationDispatcher.forward(ApplicationDispatcher.java:312)
	at org.apache.catalina.core.StandardHostValve.custom(StandardHostValve.java:394)
	at org.apache.catalina.core.StandardHostValve.status(StandardHostValve.java:253)
	at org.apache.catalina.core.StandardHostValve.invoke(StandardHostValve.java:175)
	at org.apache.catalina.valves.ErrorReportValve.invoke(ErrorReportValve.java:92)
	at org.apache.catalina.core.StandardEngineValve.invoke(StandardEngineValve.java:74)
	at org.apache.catalina.connector.CoyoteAdapter.service(CoyoteAdapter.java:343)
	at org.apache.coyote.http11.Http11Processor.service(Http11Processor.java:373)
	at org.apache.coyote.AbstractProcessorLight.process(AbstractProcessorLight.java:65)
	at org.apache.coyote.AbstractProtocol$ConnectionHandler.process(AbstractProtocol.java:868)
	at org.apache.tomcat.util.net.NioEndpoint$SocketProcessor.doRun(NioEndpoint.java:1590)
	at org.apache.tomcat.util.net.SocketProcessorBase.run(SocketProcessorBase.java:49)
	at java.util.concurrent.ThreadPoolExecutor.runWorker(ThreadPoolExecutor.java:1149)
	at java.util.concurrent.ThreadPoolExecutor$Worker.run(ThreadPoolExecutor.java:624)
	at org.apache.tomcat.util.threads.TaskThread$WrappingRunnable.run(TaskThread.java:61)
	at java.lang.Thread.run(Thread.java:750)
2023-04-20 08:26:45.190  INFO 5470 --- [nio-8001-exec-2] t.e.w.interceptor.RequestLogInterceptor  : GET http://789508b2-8001-app.lightly.teamcode.com/status?port=8001&dcsId=789508b2&token=vaOCvB1KSYmaDNud4fMZqA
2023-04-20 08:26:45.205  INFO 5470 --- [nio-8001-exec-2] t.e.w.aspect.ResponseBodyWrapperAdvice   : Writing {"data":"success","request_id":"b12ba60772ee44fca95becf4780852de","message":"ok","code":"success","success":true,"server_time":1681979205205,"path":"/status"}
2023-04-20 08:32:26.682  INFO 5470 --- [extShutdownHook] com.alibaba.druid.pool.DruidDataSource   : {dataSource-0} closing ...
2023-04-20 08:40:30.446  INFO 6507 --- [           main] c.alibaba.nacos.client.utils.ParamUtil   : [settings] [req-serv] nacos-server port:8848
2023-04-20 08:40:30.449  INFO 6507 --- [           main] c.alibaba.nacos.client.utils.ParamUtil   : [settings] [http-client] connect timeout:1000
2023-04-20 08:40:30.449  INFO 6507 --- [           main] c.alibaba.nacos.client.utils.ParamUtil   : NACOS_CLIENT_VERSION: ${project.version}
2023-04-20 08:40:30.450  INFO 6507 --- [           main] c.alibaba.nacos.client.utils.ParamUtil   : PER_TASK_CONFIG_SIZE: 3000.0
2023-04-20 08:40:30.455  INFO 6507 --- [           main] c.a.n.client.identify.CredentialWatcher  : null No credential found

  .   ____          _            __ _ _
 /\\ / ___'_ __ _ _(_)_ __  __ _ \ \ \ \
( ( )\___ | '_ | '_| | '_ \/ _` | \ \ \ \
 \\/  ___)| |_)| | | | | || (_| |  ) ) ) )
  '  |____| .__|_| |_|_| |_\__, | / / / /
 =========|_|==============|___/=/_/_/_/
 :: Spring Boot ::        (v2.2.8.RELEASE)

2023-04-20 08:40:30.636  INFO 6507 --- [           main] c.a.n.c.c.impl.LocalConfigInfoProcessor  : LOCAL_SNAPSHOT_PATH:/root/nacos/config
2023-04-20 08:40:30.671  INFO 6507 --- [           main] c.a.nacos.client.config.impl.Limiter     : limitTime:5.0
2023-04-20 08:40:30.829  WARN 6507 --- [           main] c.a.c.n.c.NacosPropertySourceBuilder     : Ignore the empty nacos configuration and get it based on dataId[easyblog] & group[DEFAULT_GROUP]
2023-04-20 08:40:30.899  WARN 6507 --- [           main] c.a.c.n.c.NacosPropertySourceBuilder     : Ignore the empty nacos configuration and get it based on dataId[easyblog.yml] & group[DEFAULT_GROUP]
2023-04-20 08:40:30.969  INFO 6507 --- [           main] c.a.nacos.client.config.utils.JVMUtil    : isMultiInstance:false
2023-04-20 08:40:31.017  INFO 6507 --- [           main] b.c.PropertySourceBootstrapConfiguration : Located property source: [BootstrapPropertySource {name='bootstrapProperties-easyblog-dev.yml,DEFAULT_GROUP'}, BootstrapPropertySource {name='bootstrapProperties-easyblog.yml,DEFAULT_GROUP'}, BootstrapPropertySource {name='bootstrapProperties-easyblog,DEFAULT_GROUP'}]
2023-04-20 08:40:31.032  INFO 6507 --- [           main] top.easyblog.Application                 : The following profiles are active: dev
2023-04-20 08:40:32.765  INFO 6507 --- [           main] o.s.cloud.context.scope.GenericScope     : BeanFactory id=d94b7b59-a85a-322c-a91c-e030cacca36d
2023-04-20 08:40:34.513  INFO 6507 --- [           main] o.s.b.w.embedded.tomcat.TomcatWebServer  : Tomcat initialized with port(s): 8001 (http)
2023-04-20 08:40:34.527  INFO 6507 --- [           main] o.apache.catalina.core.StandardService   : Starting service [Tomcat]
2023-04-20 08:40:34.527  INFO 6507 --- [           main] org.apache.catalina.core.StandardEngine  : Starting Servlet engine: [Apache Tomcat/9.0.36]
2023-04-20 08:40:34.770  INFO 6507 --- [           main] o.a.c.c.C.[Tomcat].[localhost].[/]       : Initializing Spring embedded WebApplicationContext
2023-04-20 08:40:34.770  INFO 6507 --- [           main] w.s.c.ServletWebServerApplicationContext : Root WebApplicationContext: initialization completed in 3710 ms
2023-04-20 08:40:37.137  INFO 6507 --- [           main] o.s.b.w.embedded.tomcat.TomcatWebServer  : Tomcat started on port(s): 8001 (http) with context path ''
2023-04-20 08:40:37.139  INFO 6507 --- [           main] top.easyblog.Application                 : Started Application in 8.371 seconds (JVM running for 9.226)
2023-04-20 08:40:37.143  INFO 6507 --- [           main] c.a.n.client.config.impl.ClientWorker    : [fixed-117.50.189.250_8090] [subscribe] easyblog.yml+DEFAULT_GROUP
2023-04-20 08:40:37.144  INFO 6507 --- [           main] c.a.nacos.client.config.impl.CacheData   : [fixed-117.50.189.250_8090] [add-listener] ok, tenant=, dataId=easyblog.yml, group=DEFAULT_GROUP, cnt=1
2023-04-20 08:40:37.144  INFO 6507 --- [           main] c.a.n.client.config.impl.ClientWorker    : [fixed-117.50.189.250_8090] [subscribe] easyblog+DEFAULT_GROUP
2023-04-20 08:40:37.144  INFO 6507 --- [           main] c.a.nacos.client.config.impl.CacheData   : [fixed-117.50.189.250_8090] [add-listener] ok, tenant=, dataId=easyblog, group=DEFAULT_GROUP, cnt=1
2023-04-20 08:40:37.145  INFO 6507 --- [           main] c.a.n.client.config.impl.ClientWorker    : [fixed-117.50.189.250_8090] [subscribe] easyblog-dev.yml+DEFAULT_GROUP
2023-04-20 08:40:37.145  INFO 6507 --- [           main] c.a.nacos.client.config.impl.CacheData   : [fixed-117.50.189.250_8090] [add-listener] ok, tenant=, dataId=easyblog-dev.yml, group=DEFAULT_GROUP, cnt=1
2023-04-20 08:44:35.676  INFO 6507 --- [extShutdownHook] com.alibaba.druid.pool.DruidDataSource   : {dataSource-0} closing ...
2023-04-20 08:44:39.269  INFO 8419 --- [           main] c.alibaba.nacos.client.utils.ParamUtil   : [settings] [req-serv] nacos-server port:8848
2023-04-20 08:44:39.327  INFO 8419 --- [           main] c.alibaba.nacos.client.utils.ParamUtil   : [settings] [http-client] connect timeout:1000
2023-04-20 08:44:39.328  INFO 8419 --- [           main] c.alibaba.nacos.client.utils.ParamUtil   : NACOS_CLIENT_VERSION: ${project.version}
2023-04-20 08:44:39.329  INFO 8419 --- [           main] c.alibaba.nacos.client.utils.ParamUtil   : PER_TASK_CONFIG_SIZE: 3000.0
2023-04-20 08:44:39.336  INFO 8419 --- [           main] c.a.n.client.identify.CredentialWatcher  : null No credential found

  .   ____          _            __ _ _
 /\\ / ___'_ __ _ _(_)_ __  __ _ \ \ \ \
( ( )\___ | '_ | '_| | '_ \/ _` | \ \ \ \
 \\/  ___)| |_)| | | | | || (_| |  ) ) ) )
  '  |____| .__|_| |_|_| |_\__, | / / / /
 =========|_|==============|___/=/_/_/_/
 :: Spring Boot ::        (v2.2.8.RELEASE)

2023-04-20 08:44:39.550  INFO 8419 --- [           main] c.a.n.c.c.impl.LocalConfigInfoProcessor  : LOCAL_SNAPSHOT_PATH:/root/nacos/config
2023-04-20 08:44:39.653  INFO 8419 --- [           main] c.a.nacos.client.config.impl.Limiter     : limitTime:5.0
2023-04-20 08:44:39.829  WARN 8419 --- [           main] c.a.c.n.c.NacosPropertySourceBuilder     : Ignore the empty nacos configuration and get it based on dataId[easyblog] & group[DEFAULT_GROUP]
2023-04-20 08:44:39.901  WARN 8419 --- [           main] c.a.c.n.c.NacosPropertySourceBuilder     : Ignore the empty nacos configuration and get it based on dataId[easyblog.yml] & group[DEFAULT_GROUP]
2023-04-20 08:44:39.975  INFO 8419 --- [           main] c.a.nacos.client.config.utils.JVMUtil    : isMultiInstance:false
2023-04-20 08:44:40.022  INFO 8419 --- [           main] b.c.PropertySourceBootstrapConfiguration : Located property source: [BootstrapPropertySource {name='bootstrapProperties-easyblog-dev.yml,DEFAULT_GROUP'}, BootstrapPropertySource {name='bootstrapProperties-easyblog.yml,DEFAULT_GROUP'}, BootstrapPropertySource {name='bootstrapProperties-easyblog,DEFAULT_GROUP'}]
2023-04-20 08:44:40.029  INFO 8419 --- [           main] top.easyblog.Application                 : The following profiles are active: dev
2023-04-20 08:44:41.788  INFO 8419 --- [           main] o.s.cloud.context.scope.GenericScope     : BeanFactory id=d94b7b59-a85a-322c-a91c-e030cacca36d
2023-04-20 08:44:43.147  INFO 8419 --- [           main] o.s.b.w.embedded.tomcat.TomcatWebServer  : Tomcat initialized with port(s): 8001 (http)
2023-04-20 08:44:43.159  INFO 8419 --- [           main] o.apache.catalina.core.StandardService   : Starting service [Tomcat]
2023-04-20 08:44:43.159  INFO 8419 --- [           main] org.apache.catalina.core.StandardEngine  : Starting Servlet engine: [Apache Tomcat/9.0.36]
2023-04-20 08:44:43.365  INFO 8419 --- [           main] o.a.c.c.C.[Tomcat].[localhost].[/]       : Initializing Spring embedded WebApplicationContext
2023-04-20 08:44:43.365  INFO 8419 --- [           main] w.s.c.ServletWebServerApplicationContext : Root WebApplicationContext: initialization completed in 3311 ms
2023-04-20 08:44:45.744  INFO 8419 --- [           main] o.s.b.w.embedded.tomcat.TomcatWebServer  : Tomcat started on port(s): 8001 (http) with context path ''
2023-04-20 08:44:45.746  INFO 8419 --- [           main] top.easyblog.Application                 : Started Application in 8.489 seconds (JVM running for 10.07)
2023-04-20 08:44:45.749  INFO 8419 --- [           main] c.a.n.client.config.impl.ClientWorker    : [fixed-117.50.189.250_8090] [subscribe] easyblog.yml+DEFAULT_GROUP
2023-04-20 08:44:45.750  INFO 8419 --- [           main] c.a.nacos.client.config.impl.CacheData   : [fixed-117.50.189.250_8090] [add-listener] ok, tenant=, dataId=easyblog.yml, group=DEFAULT_GROUP, cnt=1
2023-04-20 08:44:45.750  INFO 8419 --- [           main] c.a.n.client.config.impl.ClientWorker    : [fixed-117.50.189.250_8090] [subscribe] easyblog+DEFAULT_GROUP
2023-04-20 08:44:45.751  INFO 8419 --- [           main] c.a.nacos.client.config.impl.CacheData   : [fixed-117.50.189.250_8090] [add-listener] ok, tenant=, dataId=easyblog, group=DEFAULT_GROUP, cnt=1
2023-04-20 08:44:45.751  INFO 8419 --- [           main] c.a.n.client.config.impl.ClientWorker    : [fixed-117.50.189.250_8090] [subscribe] easyblog-dev.yml+DEFAULT_GROUP
2023-04-20 08:44:45.751  INFO 8419 --- [           main] c.a.nacos.client.config.impl.CacheData   : [fixed-117.50.189.250_8090] [add-listener] ok, tenant=, dataId=easyblog-dev.yml, group=DEFAULT_GROUP, cnt=1
2023-04-20 08:47:47.433  INFO 8419 --- [extShutdownHook] com.alibaba.druid.pool.DruidDataSource   : {dataSource-0} closing ...
2023-04-20 08:59:12.964  INFO 10231 --- [           main] c.alibaba.nacos.client.utils.ParamUtil   : [settings] [req-serv] nacos-server port:8848
2023-04-20 08:59:12.974  INFO 10231 --- [           main] c.alibaba.nacos.client.utils.ParamUtil   : [settings] [http-client] connect timeout:1000
2023-04-20 08:59:12.975  INFO 10231 --- [           main] c.alibaba.nacos.client.utils.ParamUtil   : NACOS_CLIENT_VERSION: ${project.version}
2023-04-20 08:59:13.027  INFO 10231 --- [           main] c.alibaba.nacos.client.utils.ParamUtil   : PER_TASK_CONFIG_SIZE: 3000.0
2023-04-20 08:59:13.032  INFO 10231 --- [           main] c.a.n.client.identify.CredentialWatcher  : null No credential found

  .   ____          _            __ _ _
 /\\ / ___'_ __ _ _(_)_ __  __ _ \ \ \ \
( ( )\___ | '_ | '_| | '_ \/ _` | \ \ \ \
 \\/  ___)| |_)| | | | | || (_| |  ) ) ) )
  '  |____| .__|_| |_|_| |_\__, | / / / /
 =========|_|==============|___/=/_/_/_/
 :: Spring Boot ::        (v2.2.8.RELEASE)

2023-04-20 08:59:13.156  INFO 10231 --- [           main] c.a.n.c.c.impl.LocalConfigInfoProcessor  : LOCAL_SNAPSHOT_PATH:/root/nacos/config
2023-04-20 08:59:13.255  INFO 10231 --- [           main] c.a.nacos.client.config.impl.Limiter     : limitTime:5.0
2023-04-20 08:59:13.431  WARN 10231 --- [           main] c.a.c.n.c.NacosPropertySourceBuilder     : Ignore the empty nacos configuration and get it based on dataId[easyblog] & group[DEFAULT_GROUP]
2023-04-20 08:59:13.508  WARN 10231 --- [           main] c.a.c.n.c.NacosPropertySourceBuilder     : Ignore the empty nacos configuration and get it based on dataId[easyblog.yml] & group[DEFAULT_GROUP]
2023-04-20 08:59:13.580  INFO 10231 --- [           main] c.a.nacos.client.config.utils.JVMUtil    : isMultiInstance:false
2023-04-20 08:59:13.683  INFO 10231 --- [           main] b.c.PropertySourceBootstrapConfiguration : Located property source: [BootstrapPropertySource {name='bootstrapProperties-easyblog-dev.yml,DEFAULT_GROUP'}, BootstrapPropertySource {name='bootstrapProperties-easyblog.yml,DEFAULT_GROUP'}, BootstrapPropertySource {name='bootstrapProperties-easyblog,DEFAULT_GROUP'}]
2023-04-20 08:59:13.687  INFO 10231 --- [           main] top.easyblog.Application                 : The following profiles are active: dev
2023-04-20 08:59:15.627  INFO 10231 --- [           main] o.s.cloud.context.scope.GenericScope     : BeanFactory id=d94b7b59-a85a-322c-a91c-e030cacca36d
2023-04-20 08:59:17.730  INFO 10231 --- [           main] o.s.b.w.embedded.tomcat.TomcatWebServer  : Tomcat initialized with port(s): 8001 (http)
2023-04-20 08:59:17.747  INFO 10231 --- [           main] o.apache.catalina.core.StandardService   : Starting service [Tomcat]
2023-04-20 08:59:17.747  INFO 10231 --- [           main] org.apache.catalina.core.StandardEngine  : Starting Servlet engine: [Apache Tomcat/9.0.36]
2023-04-20 08:59:18.141  INFO 10231 --- [           main] o.a.c.c.C.[Tomcat].[localhost].[/]       : Initializing Spring embedded WebApplicationContext
2023-04-20 08:59:18.141  INFO 10231 --- [           main] w.s.c.ServletWebServerApplicationContext : Root WebApplicationContext: initialization completed in 4429 ms
2023-04-20 08:59:20.958  INFO 10231 --- [           main] o.s.b.w.embedded.tomcat.TomcatWebServer  : Tomcat started on port(s): 8001 (http) with context path ''
2023-04-20 08:59:20.968  INFO 10231 --- [           main] top.easyblog.Application                 : Started Application in 9.697 seconds (JVM running for 10.501)
2023-04-20 08:59:20.973  INFO 10231 --- [           main] c.a.n.client.config.impl.ClientWorker    : [fixed-117.50.189.250_8090] [subscribe] easyblog.yml+DEFAULT_GROUP
2023-04-20 08:59:21.027  INFO 10231 --- [           main] c.a.nacos.client.config.impl.CacheData   : [fixed-117.50.189.250_8090] [add-listener] ok, tenant=, dataId=easyblog.yml, group=DEFAULT_GROUP, cnt=1
2023-04-20 08:59:21.028  INFO 10231 --- [           main] c.a.n.client.config.impl.ClientWorker    : [fixed-117.50.189.250_8090] [subscribe] easyblog+DEFAULT_GROUP
2023-04-20 08:59:21.029  INFO 10231 --- [           main] c.a.nacos.client.config.impl.CacheData   : [fixed-117.50.189.250_8090] [add-listener] ok, tenant=, dataId=easyblog, group=DEFAULT_GROUP, cnt=1
2023-04-20 08:59:21.030  INFO 10231 --- [           main] c.a.n.client.config.impl.ClientWorker    : [fixed-117.50.189.250_8090] [subscribe] easyblog-dev.yml+DEFAULT_GROUP
2023-04-20 08:59:21.030  INFO 10231 --- [           main] c.a.nacos.client.config.impl.CacheData   : [fixed-117.50.189.250_8090] [add-listener] ok, tenant=, dataId=easyblog-dev.yml, group=DEFAULT_GROUP, cnt=1
2023-04-20 09:08:42.204  INFO 10231 --- [extShutdownHook] com.alibaba.druid.pool.DruidDataSource   : {dataSource-0} closing ...
2023-04-20 09:08:45.350  INFO 11082 --- [           main] c.alibaba.nacos.client.utils.ParamUtil   : [settings] [req-serv] nacos-server port:8848
2023-04-20 09:08:45.354  INFO 11082 --- [           main] c.alibaba.nacos.client.utils.ParamUtil   : [settings] [http-client] connect timeout:1000
2023-04-20 09:08:45.355  INFO 11082 --- [           main] c.alibaba.nacos.client.utils.ParamUtil   : NACOS_CLIENT_VERSION: ${project.version}
2023-04-20 09:08:45.355  INFO 11082 --- [           main] c.alibaba.nacos.client.utils.ParamUtil   : PER_TASK_CONFIG_SIZE: 3000.0
2023-04-20 09:08:45.360  INFO 11082 --- [           main] c.a.n.client.identify.CredentialWatcher  : null No credential found

  .   ____          _            __ _ _
 /\\ / ___'_ __ _ _(_)_ __  __ _ \ \ \ \
( ( )\___ | '_ | '_| | '_ \/ _` | \ \ \ \
 \\/  ___)| |_)| | | | | || (_| |  ) ) ) )
  '  |____| .__|_| |_|_| |_\__, | / / / /
 =========|_|==============|___/=/_/_/_/
 :: Spring Boot ::        (v2.2.8.RELEASE)

2023-04-20 09:08:45.554  INFO 11082 --- [           main] c.a.n.c.c.impl.LocalConfigInfoProcessor  : LOCAL_SNAPSHOT_PATH:/root/nacos/config
2023-04-20 09:08:45.663  INFO 11082 --- [           main] c.a.nacos.client.config.impl.Limiter     : limitTime:5.0
2023-04-20 09:08:45.831  WARN 11082 --- [           main] c.a.c.n.c.NacosPropertySourceBuilder     : Ignore the empty nacos configuration and get it based on dataId[easyblog] & group[DEFAULT_GROUP]
2023-04-20 09:08:45.901  WARN 11082 --- [           main] c.a.c.n.c.NacosPropertySourceBuilder     : Ignore the empty nacos configuration and get it based on dataId[easyblog.yml] & group[DEFAULT_GROUP]
2023-04-20 09:08:45.974  INFO 11082 --- [           main] c.a.nacos.client.config.utils.JVMUtil    : isMultiInstance:false
2023-04-20 09:08:46.028  INFO 11082 --- [           main] b.c.PropertySourceBootstrapConfiguration : Located property source: [BootstrapPropertySource {name='bootstrapProperties-easyblog-dev.yml,DEFAULT_GROUP'}, BootstrapPropertySource {name='bootstrapProperties-easyblog.yml,DEFAULT_GROUP'}, BootstrapPropertySource {name='bootstrapProperties-easyblog,DEFAULT_GROUP'}]
2023-04-20 09:08:46.036  INFO 11082 --- [           main] top.easyblog.Application                 : The following profiles are active: dev
2023-04-20 09:08:47.852  INFO 11082 --- [           main] o.s.cloud.context.scope.GenericScope     : BeanFactory id=d94b7b59-a85a-322c-a91c-e030cacca36d
2023-04-20 09:08:50.002  INFO 11082 --- [           main] o.s.b.w.embedded.tomcat.TomcatWebServer  : Tomcat initialized with port(s): 8001 (http)
2023-04-20 09:08:50.016  INFO 11082 --- [           main] o.apache.catalina.core.StandardService   : Starting service [Tomcat]
2023-04-20 09:08:50.016  INFO 11082 --- [           main] org.apache.catalina.core.StandardEngine  : Starting Servlet engine: [Apache Tomcat/9.0.36]
2023-04-20 09:08:50.154  INFO 11082 --- [           main] o.a.c.c.C.[Tomcat].[localhost].[/]       : Initializing Spring embedded WebApplicationContext
2023-04-20 09:08:50.155  INFO 11082 --- [           main] w.s.c.ServletWebServerApplicationContext : Root WebApplicationContext: initialization completed in 4089 ms
2023-04-20 09:08:52.945  INFO 11082 --- [           main] o.s.b.w.embedded.tomcat.TomcatWebServer  : Tomcat started on port(s): 8001 (http) with context path ''
2023-04-20 09:08:52.947  INFO 11082 --- [           main] top.easyblog.Application                 : Started Application in 9.385 seconds (JVM running for 10.741)
2023-04-20 09:08:52.951  INFO 11082 --- [           main] c.a.n.client.config.impl.ClientWorker    : [fixed-117.50.189.250_8090] [subscribe] easyblog.yml+DEFAULT_GROUP
2023-04-20 09:08:52.952  INFO 11082 --- [           main] c.a.nacos.client.config.impl.CacheData   : [fixed-117.50.189.250_8090] [add-listener] ok, tenant=, dataId=easyblog.yml, group=DEFAULT_GROUP, cnt=1
2023-04-20 09:08:52.952  INFO 11082 --- [           main] c.a.n.client.config.impl.ClientWorker    : [fixed-117.50.189.250_8090] [subscribe] easyblog+DEFAULT_GROUP
2023-04-20 09:08:52.952  INFO 11082 --- [           main] c.a.nacos.client.config.impl.CacheData   : [fixed-117.50.189.250_8090] [add-listener] ok, tenant=, dataId=easyblog, group=DEFAULT_GROUP, cnt=1
2023-04-20 09:08:52.953  INFO 11082 --- [           main] c.a.n.client.config.impl.ClientWorker    : [fixed-117.50.189.250_8090] [subscribe] easyblog-dev.yml+DEFAULT_GROUP
2023-04-20 09:08:52.953  INFO 11082 --- [           main] c.a.nacos.client.config.impl.CacheData   : [fixed-117.50.189.250_8090] [add-listener] ok, tenant=, dataId=easyblog-dev.yml, group=DEFAULT_GROUP, cnt=1
2023-04-20 09:09:32.279  INFO 11082 --- [extShutdownHook] com.alibaba.druid.pool.DruidDataSource   : {dataSource-0} closing ...
2023-04-20 09:09:35.444  INFO 11712 --- [           main] c.alibaba.nacos.client.utils.ParamUtil   : [settings] [req-serv] nacos-server port:8848
2023-04-20 09:09:35.447  INFO 11712 --- [           main] c.alibaba.nacos.client.utils.ParamUtil   : [settings] [http-client] connect timeout:1000
2023-04-20 09:09:35.448  INFO 11712 --- [           main] c.alibaba.nacos.client.utils.ParamUtil   : NACOS_CLIENT_VERSION: ${project.version}
2023-04-20 09:09:35.449  INFO 11712 --- [           main] c.alibaba.nacos.client.utils.ParamUtil   : PER_TASK_CONFIG_SIZE: 3000.0
2023-04-20 09:09:35.454  INFO 11712 --- [           main] c.a.n.client.identify.CredentialWatcher  : null No credential found

  .   ____          _            __ _ _
 /\\ / ___'_ __ _ _(_)_ __  __ _ \ \ \ \
( ( )\___ | '_ | '_| | '_ \/ _` | \ \ \ \
 \\/  ___)| |_)| | | | | || (_| |  ) ) ) )
  '  |____| .__|_| |_|_| |_\__, | / / / /
 =========|_|==============|___/=/_/_/_/
 :: Spring Boot ::        (v2.2.8.RELEASE)

2023-04-20 09:09:35.641  INFO 11712 --- [           main] c.a.n.c.c.impl.LocalConfigInfoProcessor  : LOCAL_SNAPSHOT_PATH:/root/nacos/config
2023-04-20 09:09:35.737  INFO 11712 --- [           main] c.a.nacos.client.config.impl.Limiter     : limitTime:5.0
2023-04-20 09:09:35.832  WARN 11712 --- [           main] c.a.c.n.c.NacosPropertySourceBuilder     : Ignore the empty nacos configuration and get it based on dataId[easyblog] & group[DEFAULT_GROUP]
2023-04-20 09:09:35.903  WARN 11712 --- [           main] c.a.c.n.c.NacosPropertySourceBuilder     : Ignore the empty nacos configuration and get it based on dataId[easyblog.yml] & group[DEFAULT_GROUP]
2023-04-20 09:09:35.978  INFO 11712 --- [           main] c.a.nacos.client.config.utils.JVMUtil    : isMultiInstance:false
2023-04-20 09:09:36.102  INFO 11712 --- [           main] b.c.PropertySourceBootstrapConfiguration : Located property source: [BootstrapPropertySource {name='bootstrapProperties-easyblog-dev.yml,DEFAULT_GROUP'}, BootstrapPropertySource {name='bootstrapProperties-easyblog.yml,DEFAULT_GROUP'}, BootstrapPropertySource {name='bootstrapProperties-easyblog,DEFAULT_GROUP'}]
2023-04-20 09:09:36.129  INFO 11712 --- [           main] top.easyblog.Application                 : The following profiles are active: dev
2023-04-20 09:09:37.842  INFO 11712 --- [           main] o.s.cloud.context.scope.GenericScope     : BeanFactory id=d94b7b59-a85a-322c-a91c-e030cacca36d
2023-04-20 09:09:40.869  INFO 11712 --- [           main] o.s.b.w.embedded.tomcat.TomcatWebServer  : Tomcat initialized with port(s): 8001 (http)
2023-04-20 09:09:40.880  INFO 11712 --- [           main] o.apache.catalina.core.StandardService   : Starting service [Tomcat]
2023-04-20 09:09:40.880  INFO 11712 --- [           main] org.apache.catalina.core.StandardEngine  : Starting Servlet engine: [Apache Tomcat/9.0.36]
2023-04-20 09:09:41.175  INFO 11712 --- [           main] o.a.c.c.C.[Tomcat].[localhost].[/]       : Initializing Spring embedded WebApplicationContext
2023-04-20 09:09:41.175  INFO 11712 --- [           main] w.s.c.ServletWebServerApplicationContext : Root WebApplicationContext: initialization completed in 5017 ms
2023-04-20 09:09:43.660  INFO 11712 --- [           main] o.s.b.w.embedded.tomcat.TomcatWebServer  : Tomcat started on port(s): 8001 (http) with context path ''
2023-04-20 09:09:43.662  INFO 11712 --- [           main] top.easyblog.Application                 : Started Application in 10.029 seconds (JVM running for 11.381)
2023-04-20 09:09:43.665  INFO 11712 --- [           main] c.a.n.client.config.impl.ClientWorker    : [fixed-117.50.189.250_8090] [subscribe] easyblog.yml+DEFAULT_GROUP
2023-04-20 09:09:43.667  INFO 11712 --- [           main] c.a.nacos.client.config.impl.CacheData   : [fixed-117.50.189.250_8090] [add-listener] ok, tenant=, dataId=easyblog.yml, group=DEFAULT_GROUP, cnt=1
2023-04-20 09:09:43.667  INFO 11712 --- [           main] c.a.n.client.config.impl.ClientWorker    : [fixed-117.50.189.250_8090] [subscribe] easyblog+DEFAULT_GROUP
2023-04-20 09:09:43.668  INFO 11712 --- [           main] c.a.nacos.client.config.impl.CacheData   : [fixed-117.50.189.250_8090] [add-listener] ok, tenant=, dataId=easyblog, group=DEFAULT_GROUP, cnt=1
2023-04-20 09:09:43.668  INFO 11712 --- [           main] c.a.n.client.config.impl.ClientWorker    : [fixed-117.50.189.250_8090] [subscribe] easyblog-dev.yml+DEFAULT_GROUP
2023-04-20 09:09:43.668  INFO 11712 --- [           main] c.a.nacos.client.config.impl.CacheData   : [fixed-117.50.189.250_8090] [add-listener] ok, tenant=, dataId=easyblog-dev.yml, group=DEFAULT_GROUP, cnt=1
2023-04-20 09:12:47.841  INFO 11712 --- [extShutdownHook] com.alibaba.druid.pool.DruidDataSource   : {dataSource-0} closing ...
2023-04-20 09:12:51.453  INFO 12371 --- [           main] c.alibaba.nacos.client.utils.ParamUtil   : [settings] [req-serv] nacos-server port:8848
2023-04-20 09:12:51.457  INFO 12371 --- [           main] c.alibaba.nacos.client.utils.ParamUtil   : [settings] [http-client] connect timeout:1000
2023-04-20 09:12:51.458  INFO 12371 --- [           main] c.alibaba.nacos.client.utils.ParamUtil   : NACOS_CLIENT_VERSION: ${project.version}
2023-04-20 09:12:51.459  INFO 12371 --- [           main] c.alibaba.nacos.client.utils.ParamUtil   : PER_TASK_CONFIG_SIZE: 3000.0
2023-04-20 09:12:51.465  INFO 12371 --- [           main] c.a.n.client.identify.CredentialWatcher  : null No credential found

  .   ____          _            __ _ _
 /\\ / ___'_ __ _ _(_)_ __  __ _ \ \ \ \
( ( )\___ | '_ | '_| | '_ \/ _` | \ \ \ \
 \\/  ___)| |_)| | | | | || (_| |  ) ) ) )
  '  |____| .__|_| |_|_| |_\__, | / / / /
 =========|_|==============|___/=/_/_/_/
 :: Spring Boot ::        (v2.2.8.RELEASE)

2023-04-20 09:12:51.732  INFO 12371 --- [           main] c.a.n.c.c.impl.LocalConfigInfoProcessor  : LOCAL_SNAPSHOT_PATH:/root/nacos/config
2023-04-20 09:12:51.771  INFO 12371 --- [           main] c.a.nacos.client.config.impl.Limiter     : limitTime:5.0
2023-04-20 09:12:51.930  WARN 12371 --- [           main] c.a.c.n.c.NacosPropertySourceBuilder     : Ignore the empty nacos configuration and get it based on dataId[easyblog] & group[DEFAULT_GROUP]
2023-04-20 09:12:52.005  WARN 12371 --- [           main] c.a.c.n.c.NacosPropertySourceBuilder     : Ignore the empty nacos configuration and get it based on dataId[easyblog.yml] & group[DEFAULT_GROUP]
2023-04-20 09:12:52.081  INFO 12371 --- [           main] c.a.nacos.client.config.utils.JVMUtil    : isMultiInstance:false
2023-04-20 09:12:52.134  INFO 12371 --- [           main] b.c.PropertySourceBootstrapConfiguration : Located property source: [BootstrapPropertySource {name='bootstrapProperties-easyblog-dev.yml,DEFAULT_GROUP'}, BootstrapPropertySource {name='bootstrapProperties-easyblog.yml,DEFAULT_GROUP'}, BootstrapPropertySource {name='bootstrapProperties-easyblog,DEFAULT_GROUP'}]
2023-04-20 09:12:52.140  INFO 12371 --- [           main] top.easyblog.Application                 : The following profiles are active: dev
2023-04-20 09:12:54.053  INFO 12371 --- [           main] o.s.cloud.context.scope.GenericScope     : BeanFactory id=d94b7b59-a85a-322c-a91c-e030cacca36d
2023-04-20 09:12:55.443  INFO 12371 --- [           main] o.s.b.w.embedded.tomcat.TomcatWebServer  : Tomcat initialized with port(s): 8001 (http)
2023-04-20 09:12:55.454  INFO 12371 --- [           main] o.apache.catalina.core.StandardService   : Starting service [Tomcat]
2023-04-20 09:12:55.455  INFO 12371 --- [           main] org.apache.catalina.core.StandardEngine  : Starting Servlet engine: [Apache Tomcat/9.0.36]
2023-04-20 09:12:55.939  INFO 12371 --- [           main] o.a.c.c.C.[Tomcat].[localhost].[/]       : Initializing Spring embedded WebApplicationContext
2023-04-20 09:12:55.939  INFO 12371 --- [           main] w.s.c.ServletWebServerApplicationContext : Root WebApplicationContext: initialization completed in 3710 ms
2023-04-20 09:12:58.262  INFO 12371 --- [           main] o.s.b.w.embedded.tomcat.TomcatWebServer  : Tomcat started on port(s): 8001 (http) with context path ''
2023-04-20 09:12:58.264  INFO 12371 --- [           main] top.easyblog.Application                 : Started Application in 8.622 seconds (JVM running for 10.422)
2023-04-20 09:12:58.329  INFO 12371 --- [           main] c.a.n.client.config.impl.ClientWorker    : [fixed-117.50.189.250_8090] [subscribe] easyblog.yml+DEFAULT_GROUP
2023-04-20 09:12:58.331  INFO 12371 --- [           main] c.a.nacos.client.config.impl.CacheData   : [fixed-117.50.189.250_8090] [add-listener] ok, tenant=, dataId=easyblog.yml, group=DEFAULT_GROUP, cnt=1
2023-04-20 09:12:58.331  INFO 12371 --- [           main] c.a.n.client.config.impl.ClientWorker    : [fixed-117.50.189.250_8090] [subscribe] easyblog+DEFAULT_GROUP
2023-04-20 09:12:58.331  INFO 12371 --- [           main] c.a.nacos.client.config.impl.CacheData   : [fixed-117.50.189.250_8090] [add-listener] ok, tenant=, dataId=easyblog, group=DEFAULT_GROUP, cnt=1
2023-04-20 09:12:58.331  INFO 12371 --- [           main] c.a.n.client.config.impl.ClientWorker    : [fixed-117.50.189.250_8090] [subscribe] easyblog-dev.yml+DEFAULT_GROUP
2023-04-20 09:12:58.332  INFO 12371 --- [           main] c.a.nacos.client.config.impl.CacheData   : [fixed-117.50.189.250_8090] [add-listener] ok, tenant=, dataId=easyblog-dev.yml, group=DEFAULT_GROUP, cnt=1
2023-04-20 09:14:09.832  INFO 12981 --- [           main] c.alibaba.nacos.client.utils.ParamUtil   : [settings] [req-serv] nacos-server port:8848
2023-04-20 09:14:09.835  INFO 12981 --- [           main] c.alibaba.nacos.client.utils.ParamUtil   : [settings] [http-client] connect timeout:1000
2023-04-20 09:14:09.836  INFO 12981 --- [           main] c.alibaba.nacos.client.utils.ParamUtil   : NACOS_CLIENT_VERSION: ${project.version}
2023-04-20 09:14:09.837  INFO 12981 --- [           main] c.alibaba.nacos.client.utils.ParamUtil   : PER_TASK_CONFIG_SIZE: 3000.0
2023-04-20 09:14:09.842  INFO 12981 --- [           main] c.a.n.client.identify.CredentialWatcher  : null No credential found

  .   ____          _            __ _ _
 /\\ / ___'_ __ _ _(_)_ __  __ _ \ \ \ \
( ( )\___ | '_ | '_| | '_ \/ _` | \ \ \ \
 \\/  ___)| |_)| | | | | || (_| |  ) ) ) )
  '  |____| .__|_| |_|_| |_\__, | / / / /
 =========|_|==============|___/=/_/_/_/
 :: Spring Boot ::        (v2.2.8.RELEASE)

2023-04-20 09:14:10.035  INFO 12981 --- [           main] c.a.n.c.c.impl.LocalConfigInfoProcessor  : LOCAL_SNAPSHOT_PATH:/root/nacos/config
2023-04-20 09:14:10.132  INFO 12981 --- [           main] c.a.nacos.client.config.impl.Limiter     : limitTime:5.0
2023-04-20 09:14:10.232  WARN 12981 --- [           main] c.a.c.n.c.NacosPropertySourceBuilder     : Ignore the empty nacos configuration and get it based on dataId[easyblog] & group[DEFAULT_GROUP]
2023-04-20 09:14:10.306  WARN 12981 --- [           main] c.a.c.n.c.NacosPropertySourceBuilder     : Ignore the empty nacos configuration and get it based on dataId[easyblog.yml] & group[DEFAULT_GROUP]
2023-04-20 09:14:10.373  INFO 12981 --- [           main] c.a.nacos.client.config.utils.JVMUtil    : isMultiInstance:false
2023-04-20 09:14:10.430  INFO 12981 --- [           main] b.c.PropertySourceBootstrapConfiguration : Located property source: [BootstrapPropertySource {name='bootstrapProperties-easyblog-dev.yml,DEFAULT_GROUP'}, BootstrapPropertySource {name='bootstrapProperties-easyblog.yml,DEFAULT_GROUP'}, BootstrapPropertySource {name='bootstrapProperties-easyblog,DEFAULT_GROUP'}]
2023-04-20 09:14:10.435  INFO 12981 --- [           main] top.easyblog.Application                 : The following profiles are active: dev
2023-04-20 09:14:12.232  INFO 12981 --- [           main] o.s.cloud.context.scope.GenericScope     : BeanFactory id=d94b7b59-a85a-322c-a91c-e030cacca36d
2023-04-20 09:14:13.674  INFO 12981 --- [           main] o.s.b.w.embedded.tomcat.TomcatWebServer  : Tomcat initialized with port(s): 8001 (http)
2023-04-20 09:14:13.736  INFO 12981 --- [           main] o.apache.catalina.core.StandardService   : Starting service [Tomcat]
2023-04-20 09:14:13.737  INFO 12981 --- [           main] org.apache.catalina.core.StandardEngine  : Starting Servlet engine: [Apache Tomcat/9.0.36]
2023-04-20 09:14:14.961  INFO 12981 --- [           main] o.a.c.c.C.[Tomcat].[localhost].[/]       : Initializing Spring embedded WebApplicationContext
2023-04-20 09:14:14.961  INFO 12981 --- [           main] w.s.c.ServletWebServerApplicationContext : Root WebApplicationContext: initialization completed in 4499 ms
2023-04-20 09:14:17.657  INFO 12981 --- [           main] o.apache.catalina.core.StandardService   : Stopping service [Tomcat]
2023-04-20 09:14:17.846  INFO 12981 --- [           main] ConditionEvaluationReportLoggingListener : 

Error starting ApplicationContext. To display the conditions report re-run your application with 'debug' enabled.
2023-04-20 09:14:17.848  INFO 12981 --- [           main] com.alibaba.druid.pool.DruidDataSource   : {dataSource-0} closing ...
2023-04-20 09:14:17.856 ERROR 12981 --- [           main] o.s.boot.SpringApplication               : Application run failed

org.springframework.boot.web.server.WebServerException: Unable to start embedded Tomcat server
	at org.springframework.boot.web.embedded.tomcat.TomcatWebServer.start(TomcatWebServer.java:212) ~[spring-boot-2.2.8.RELEASE.jar!/:2.2.8.RELEASE]
	at org.springframework.boot.web.servlet.context.ServletWebServerApplicationContext.startWebServer(ServletWebServerApplicationContext.java:296) ~[spring-boot-2.2.8.RELEASE.jar!/:2.2.8.RELEASE]
	at org.springframework.boot.web.servlet.context.ServletWebServerApplicationContext.finishRefresh(ServletWebServerApplicationContext.java:163) ~[spring-boot-2.2.8.RELEASE.jar!/:2.2.8.RELEASE]
	at org.springframework.context.support.AbstractApplicationContext.refresh(AbstractApplicationContext.java:554) ~[spring-context-5.2.7.RELEASE.jar!/:5.2.7.RELEASE]
	at org.springframework.boot.web.servlet.context.ServletWebServerApplicationContext.refresh(ServletWebServerApplicationContext.java:141) ~[spring-boot-2.2.8.RELEASE.jar!/:2.2.8.RELEASE]
	at org.springframework.boot.SpringApplication.refresh(SpringApplication.java:747) [spring-boot-2.2.8.RELEASE.jar!/:2.2.8.RELEASE]
	at org.springframework.boot.SpringApplication.refreshContext(SpringApplication.java:397) [spring-boot-2.2.8.RELEASE.jar!/:2.2.8.RELEASE]
	at org.springframework.boot.SpringApplication.run(SpringApplication.java:315) [spring-boot-2.2.8.RELEASE.jar!/:2.2.8.RELEASE]
	at org.springframework.boot.SpringApplication.run(SpringApplication.java:1226) [spring-boot-2.2.8.RELEASE.jar!/:2.2.8.RELEASE]
	at org.springframework.boot.SpringApplication.run(SpringApplication.java:1215) [spring-boot-2.2.8.RELEASE.jar!/:2.2.8.RELEASE]
	at top.easyblog.Application.main(Application.java:20) [classes!/:1.0.0]
	at sun.reflect.NativeMethodAccessorImpl.invoke0(Native Method) ~[na:1.8.0_332]
	at sun.reflect.NativeMethodAccessorImpl.invoke(NativeMethodAccessorImpl.java:62) ~[na:1.8.0_332]
	at sun.reflect.DelegatingMethodAccessorImpl.invoke(DelegatingMethodAccessorImpl.java:43) ~[na:1.8.0_332]
	at java.lang.reflect.Method.invoke(Method.java:498) ~[na:1.8.0_332]
	at org.springframework.boot.loader.MainMethodRunner.run(MainMethodRunner.java:48) [easyblog-web-1.0.0.jar:1.0.0]
	at org.springframework.boot.loader.Launcher.launch(Launcher.java:87) [easyblog-web-1.0.0.jar:1.0.0]
	at org.springframework.boot.loader.Launcher.launch(Launcher.java:51) [easyblog-web-1.0.0.jar:1.0.0]
	at org.springframework.boot.loader.JarLauncher.main(JarLauncher.java:52) [easyblog-web-1.0.0.jar:1.0.0]
Caused by: java.lang.IllegalArgumentException: standardService.connector.startFailed
	at org.apache.catalina.core.StandardService.addConnector(StandardService.java:231) ~[tomcat-embed-core-9.0.36.jar!/:9.0.36]
	at org.springframework.boot.web.embedded.tomcat.TomcatWebServer.addPreviouslyRemovedConnectors(TomcatWebServer.java:265) ~[spring-boot-2.2.8.RELEASE.jar!/:2.2.8.RELEASE]
	at org.springframework.boot.web.embedded.tomcat.TomcatWebServer.start(TomcatWebServer.java:196) ~[spring-boot-2.2.8.RELEASE.jar!/:2.2.8.RELEASE]
	... 18 common frames omitted
Caused by: org.apache.catalina.LifecycleException: Protocol handler start failed
	at org.apache.catalina.connector.Connector.startInternal(Connector.java:1067) ~[tomcat-embed-core-9.0.36.jar!/:9.0.36]
	at org.apache.catalina.util.LifecycleBase.start(LifecycleBase.java:183) ~[tomcat-embed-core-9.0.36.jar!/:9.0.36]
	at org.apache.catalina.core.StandardService.addConnector(StandardService.java:227) ~[tomcat-embed-core-9.0.36.jar!/:9.0.36]
	... 20 common frames omitted
Caused by: java.net.BindException: 地址已在使用
	at sun.nio.ch.Net.bind0(Native Method) ~[na:1.8.0_332]
	at sun.nio.ch.Net.bind(Net.java:461) ~[na:1.8.0_332]
	at sun.nio.ch.Net.bind(Net.java:453) ~[na:1.8.0_332]
	at sun.nio.ch.ServerSocketChannelImpl.bind(ServerSocketChannelImpl.java:222) ~[na:1.8.0_332]
	at sun.nio.ch.ServerSocketAdaptor.bind(ServerSocketAdaptor.java:85) ~[na:1.8.0_332]
	at org.apache.tomcat.util.net.NioEndpoint.initServerSocket(NioEndpoint.java:228) ~[tomcat-embed-core-9.0.36.jar!/:9.0.36]
	at org.apache.tomcat.util.net.NioEndpoint.bind(NioEndpoint.java:211) ~[tomcat-embed-core-9.0.36.jar!/:9.0.36]
	at org.apache.tomcat.util.net.AbstractEndpoint.bindWithCleanup(AbstractEndpoint.java:1141) ~[tomcat-embed-core-9.0.36.jar!/:9.0.36]
	at org.apache.tomcat.util.net.AbstractEndpoint.start(AbstractEndpoint.java:1227) ~[tomcat-embed-core-9.0.36.jar!/:9.0.36]
	at org.apache.coyote.AbstractProtocol.start(AbstractProtocol.java:592) ~[tomcat-embed-core-9.0.36.jar!/:9.0.36]
	at org.apache.catalina.connector.Connector.startInternal(Connector.java:1064) ~[tomcat-embed-core-9.0.36.jar!/:9.0.36]
	... 22 common frames omitted

